[debug] [2022-05-26T04:37:18.044Z] ----------------------------------------------------------------------
[debug] [2022-05-26T04:37:18.046Z] Command:       C:\Program Files\nodejs\node.exe C:\Users\Rafsan\AppData\Roaming\npm\node_modules\firebase-tools\lib\bin\firebase.js init
[debug] [2022-05-26T04:37:18.046Z] CLI Version:   11.0.1
[debug] [2022-05-26T04:37:18.046Z] Platform:      win32
[debug] [2022-05-26T04:37:18.046Z] Node Version:  v16.14.2
[debug] [2022-05-26T04:37:18.047Z] Time:          Thu May 26 2022 10:37:18 GMT+0600 (Bangladesh Standard Time)
[debug] [2022-05-26T04:37:18.047Z] ----------------------------------------------------------------------
[debug] 
[debug] [2022-05-26T04:37:18.104Z] > command requires scopes: ["email","openid","https://www.googleapis.com/auth/cloudplatformprojects.readonly","https://www.googleapis.com/auth/firebase","https://www.googleapis.com/auth/cloud-platform"]
[debug] [2022-05-26T04:37:18.105Z] > authorizing via signed-in user (rafsan.web.2022@gmail.com)
[info] 
     ######## #### ########  ######## ########     ###     ######  ########
     ##        ##  ##     ## ##       ##     ##  ##   ##  ##       ##
     ######    ##  ########  ######   ########  #########  ######  ######
     ##        ##  ##    ##  ##       ##     ## ##     ##       ## ##
     ##       #### ##     ## ######## ########  ##     ##  ######  ########

You're about to initialize a Firebase project in this directory:

  D:\project\New folder (7)\crypto-cafe-main\client

Before we get started, keep in mind:

  * You are initializing within an existing Firebase project directory

[info] 
=== Project Setup
[info] 
[info] First, let's associate this project directory with a Firebase project.
[info] You can create multiple project aliases by running firebase use --add, 
[info] but for now we'll just set up a default project.
[info] 
[debug] [2022-05-26T04:37:22.733Z] Using project from CLI flag: manufacturer-xpart
[debug] [2022-05-26T04:37:22.735Z] >>> [apiv2][query] GET https://firebase.googleapis.com/v1beta1/projects/manufacturer-xpart [none]
[debug] [2022-05-26T04:37:23.404Z] <<< [apiv2][status] GET https://firebase.googleapis.com/v1beta1/projects/manufacturer-xpart 403
[debug] [2022-05-26T04:37:23.404Z] <<< [apiv2][body] GET https://firebase.googleapis.com/v1beta1/projects/manufacturer-xpart {"error":{"code":403,"message":"The caller does not have permission","status":"PERMISSION_DENIED"}}
[debug] [2022-05-26T04:37:23.404Z] HTTP Error: 403, The caller does not have permission
[debug] [2022-05-26T04:37:23.749Z] FirebaseError: HTTP Error: 403, The caller does not have permission
    at module.exports (C:\Users\Rafsan\AppData\Roaming\npm\node_modules\firebase-tools\lib\responseToError.js:47:12)
    at RetryOperation._fn (C:\Users\Rafsan\AppData\Roaming\npm\node_modules\firebase-tools\lib\apiv2.js:286:39)
    at processTicksAndRejections (node:internal/process/task_queues:96:5)
[error] 
[error] Error: Failed to get Firebase project manufacturer-xpart. Please make sure the project exists and your account has permission to access it.
